[     118ms] [LOG] [Fast Refresh] rebuilding @ http://localhost:3000/_next/static/chunks/node_modules_next_dist_f3530cac._.js:2297
[     352ms] [LOG] [Fast Refresh] done in 334ms @ http://localhost:3000/_next/static/chunks/node_modules_next_dist_f3530cac._.js:2297
[    1715ms] [INFO] %cDownload the React DevTools for a better development experience: https://react.dev/link/react-devtools font-weight:bold @ http://localhost:3000/_next/static/chunks/node_modules_next_dist_f3530cac._.js:2297
[    1872ms] [LOG] [HMR] connected @ http://localhost:3000/_next/static/chunks/node_modules_next_dist_f3530cac._.js:2297
[    2393ms] [ERROR] A tree hydrated but some attributes of the server rendered HTML didn't match the client properties. This won't be patched up. This can happen if a SSR-ed Client Component used:

- A server/client branch `if (typeof window !== 'undefined')`.
- Variable input such as `Date.now()` or `Math.random()` which changes each time it's called.
- Date formatting in a user's locale which doesn't match the server.
- External changing data without sending a snapshot of it along with the HTML.
- Invalid HTML tag nesting.

It can also happen if the client has a browser extension installed which messes with the HTML before React loaded.

%s%s https://react.dev/link/hydration-mismatch 

  ...
    <RedirectErrorBoundary router={{...}}>
      <InnerLayoutRouter url="/" tree={[...]} params={{}} cacheNode={{rsc:<Fragment>, ...}} segmentPath={[...]} ...>
        <SegmentViewNode type="page" pagePath="page.tsx">
          <SegmentTrieNode>
          <HomePage>
            <div>
              <HeroSection>
                <section className="relative o...">
                  <div>
                  <div>
                  <div className="container ...">
                    <div className="flex flex-...">
                      <div>
                      <div className="flex-1 fle...">
                        <div ref={{current:null}} className="relative w...">
                          <div>
                          <div>
                          <div>
                          <div>
                          <svg className="absolute i..." style={{zIndex:5}}>
                            <defs>
                            <g>
                            <g>
                            <g>
                            <g>
                            <g>
                            <g>
                            <g>
                              <line
                                ref={function ref}
                                x1="50%"
                                y1="50%"
+                               x2="21.421161675113535%"
-                               x2="21.42116167511353%"
                                y2="66.50000000000001%"
                                stroke="rgba(147, 197, 253, 0.25)"
                                strokeWidth="1.5"
                                strokeDasharray="6 4"
                              >
                              <line
                                ref={function ref}
                                x1="50%"
                                y1="50%"
+                               x2="21.421161675113535%"
-                               x2="21.42116167511353%"
                                y2="66.50000000000001%"
                                stroke="url(#lineGradient)"
                                strokeWidth="2.5"
                                className="transition-opacity duration-500 opacity-0"
                              >
                            ...
                          <LinkComponent>
                          <LinkComponent>
                          <LinkComponent>
                          <LinkComponent>
                          <LinkComponent>
                          <LinkComponent>
                          <LinkComponent href="/zmanim" ref={function ref} className="absolute z..." ...>
                            <a
                              className="absolute z-10 group"
                              style={{
+                               left: "21.421161675113535%"
-                               left: "21.4212%"
+                               top: "66.50000000000001%"
-                               top: "66.5%"
+                               transform: "translate(-50%, -50%)"
-                               transform: "translate(-50%, -50%)"
+                               willChange: "transform"
-                               will-change: "transform"
                              }}
                              onMouseLeave={function onMouseLeave}
                              ref={function}
                              onClick={function onClick}
                              onMouseEnter={function onMouseEnter}
                              onTouchStart={function onTouchStart}
                              href="/zmanim"
                            >
                          ...
                    ...
                  ...
              ...
        ...
      ...
 @ http://localhost:3000/_next/static/chunks/node_modules_next_dist_f3530cac._.js:3127
[    3205ms] [LOG] [Fast Refresh] rebuilding @ http://localhost:3000/_next/static/chunks/node_modules_next_dist_f3530cac._.js:2297
[    3298ms] [LOG] [Fast Refresh] done in 252ms @ http://localhost:3000/_next/static/chunks/node_modules_next_dist_f3530cac._.js:2297
